2021-02-21 10:20:37.9777 INFO Entering LoginController.Login()
2021-02-21 10:20:38.0427 INFO Exiting LoginController.Login()
2021-02-21 10:20:46.0277 INFO Entering LoginController.Login()
2021-02-21 10:20:46.0677 INFO Exiting LoginController.Login()
2021-02-21 10:20:47.4011 INFO Entering HomeController.Index()
2021-02-21 10:20:47.4011 INFO Exiting HomeController.Index()
2021-02-21 10:20:49.3561 INFO Entering GameController.Game()
2021-02-21 10:20:49.8222 INFO Exiting GameController.Game()
2021-02-21 10:20:51.6421 INFO Entering HomeController.Index()
2021-02-21 10:20:51.6421 INFO Exiting HomeController.Index()
2021-02-21 10:20:53.5011 INFO Entering GameController.Game()
2021-02-21 10:20:53.5011 INFO Exiting GameController.Game()
2021-02-21 10:21:34.1723 INFO Entering LoginController.Login()
2021-02-21 10:21:34.2143 INFO Exiting LoginController.Login()
2021-02-21 10:21:42.3889 INFO Entering LoginController.Login()
2021-02-21 10:21:42.4609 INFO Exiting LoginController.Login()
2021-02-21 10:21:43.8419 INFO Entering HomeController.Index()
2021-02-21 10:21:43.8419 INFO Exiting HomeController.Index()
2021-02-21 10:21:45.1889 INFO Entering GameController.Game()
2021-02-21 10:21:45.6839 INFO Exiting GameController.Game()
2021-02-21 10:21:47.4562 INFO Entering HomeController.Index()
2021-02-21 10:21:47.4562 INFO Exiting HomeController.Index()
2021-02-21 10:21:50.3140 INFO Entering GameController.Game()
2021-02-21 10:21:50.3140 INFO Exiting GameController.Game()
2021-02-21 10:23:18.4322 INFO Entering LoginController.Login()
2021-02-21 10:23:18.4731 INFO Exiting LoginController.Login()
2021-02-21 10:23:23.3681 INFO Entering LoginController.Login()
2021-02-21 10:23:23.4001 INFO Exiting LoginController.Login()
2021-02-21 10:23:24.9751 INFO Entering HomeController.Index()
2021-02-21 10:23:24.9751 INFO Exiting HomeController.Index()
2021-02-21 10:23:28.0161 INFO Entering GameController.Game()
2021-02-21 10:23:28.0161 INFO Exiting GameController.Game()
2021-02-21 10:23:29.6931 INFO Entering GameController.OnLeftMouseClick()
2021-02-21 10:23:29.6931 INFO Exiting GameController.OnLeftMouseClick()
2021-02-21 10:23:30.4761 INFO Entering GameController.OnRightMouseClick()
2021-02-21 10:23:30.4761 INFO Exiting GameController.OnRightMouseClick()
2021-02-21 10:23:30.9551 INFO Entering GameController.OnLeftMouseClick()
2021-02-21 10:23:30.9551 INFO Exiting GameController.OnLeftMouseClick()
2021-02-21 10:23:32.2142 INFO Entering GameController.OnLeftMouseClick()
2021-02-21 10:23:32.2142 INFO Exiting GameController.OnLeftMouseClick()
2021-02-21 10:23:33.2001 INFO Entering GameController.OnRightMouseClick()
2021-02-21 10:23:33.2001 INFO Exiting GameController.OnRightMouseClick()
2021-02-21 10:23:33.9191 INFO Entering GameController.OnLeftMouseClick()
2021-02-21 10:23:33.9201 INFO Exiting GameController.OnLeftMouseClick()
2021-02-21 10:23:35.1531 INFO Entering GameController.OnRightMouseClick()
2021-02-21 10:23:35.1531 INFO Exiting GameController.OnRightMouseClick()
2021-02-21 10:23:36.3961 INFO Entering GameController.OnLeftMouseClick()
2021-02-21 10:23:36.3961 INFO Exiting GameController.OnLeftMouseClick()
2021-02-21 10:23:37.6011 INFO Entering GameController.OnRightMouseClick()
2021-02-21 10:23:37.6011 INFO Exiting GameController.OnRightMouseClick()
2021-02-21 10:23:39.3841 INFO Entering GameController.OnRightMouseClick()
2021-02-21 10:23:39.3841 INFO Exiting GameController.OnRightMouseClick()
2021-02-21 10:23:39.8870 INFO Entering GameController.OnLeftMouseClick()
2021-02-21 10:23:39.8870 INFO Exiting GameController.OnLeftMouseClick()
2021-02-21 10:23:40.9330 INFO Entering GameController.OnLeftMouseClick()
2021-02-21 10:23:40.9330 INFO Exiting GameController.OnLeftMouseClick()
2021-02-21 10:23:42.1370 INFO Entering GameController.OnRightMouseClick()
2021-02-21 10:23:42.1370 INFO Exiting GameController.OnRightMouseClick()
2021-02-21 10:23:43.2140 INFO Entering GameController.OnRightMouseClick()
2021-02-21 10:23:43.2140 INFO Exiting GameController.OnRightMouseClick()
2021-02-21 10:23:43.9020 INFO Entering GameController.OnLeftMouseClick()
2021-02-21 10:23:43.9020 INFO Exiting GameController.OnLeftMouseClick()
2021-02-21 10:23:47.5985 INFO Entering GameController.OnRightMouseClick()
2021-02-21 10:23:47.5985 INFO Exiting GameController.OnRightMouseClick()
2021-02-21 10:23:48.0875 INFO Entering GameController.OnRightMouseClick()
2021-02-21 10:23:48.0875 INFO Exiting GameController.OnRightMouseClick()
2021-02-21 10:23:48.6555 INFO Entering GameController.OnRightMouseClick()
2021-02-21 10:23:48.6555 INFO Exiting GameController.OnRightMouseClick()
2021-02-21 10:23:49.3305 INFO Entering GameController.OnLeftMouseClick()
2021-02-21 10:23:49.3305 INFO Exiting GameController.OnLeftMouseClick()
2021-02-21 10:23:49.9525 INFO Entering GameController.OnLeftMouseClick()
2021-02-21 10:23:49.9525 INFO Exiting GameController.OnLeftMouseClick()
2021-02-21 10:23:52.5223 INFO Entering GameController.OnLeftMouseClick()
2021-02-21 10:23:52.5223 INFO Exiting GameController.OnLeftMouseClick()
2021-02-21 10:23:54.4833 INFO Entering GameController.OnRightMouseClick()
2021-02-21 10:23:54.4833 INFO Exiting GameController.OnRightMouseClick()
2021-02-21 10:23:55.1423 INFO Entering GameController.OnLeftMouseClick()
2021-02-21 10:23:55.1423 INFO Exiting GameController.OnLeftMouseClick()
2021-02-21 10:23:56.9413 INFO Entering GameController.OnSave()
2021-02-21 10:23:57.0474 INFO Exiting GameController.OnSave()
2021-02-21 10:24:00.0783 INFO Entering GameController.OnRightMouseClick()
2021-02-21 10:24:00.0783 INFO Exiting GameController.OnRightMouseClick()
2021-02-21 10:24:00.5613 INFO Entering GameController.OnLeftMouseClick()
2021-02-21 10:24:00.5613 INFO Exiting GameController.OnLeftMouseClick()
2021-02-21 10:24:02.7603 INFO Entering GameController.OnRightMouseClick()
2021-02-21 10:24:02.7603 INFO Exiting GameController.OnRightMouseClick()
2021-02-21 10:24:03.2743 INFO Entering GameController.OnLeftMouseClick()
2021-02-21 10:24:03.2743 INFO Exiting GameController.OnLeftMouseClick()
2021-02-21 10:24:04.3989 INFO Entering GameController.OnLeftMouseClick()
2021-02-21 10:24:04.3989 INFO Exiting GameController.OnLeftMouseClick()
2021-02-21 10:24:04.9529 INFO Entering GameController.OnRightMouseClick()
2021-02-21 10:24:04.9529 INFO Exiting GameController.OnRightMouseClick()
2021-02-21 10:24:05.5719 INFO Entering GameController.OnLeftMouseClick()
2021-02-21 10:24:05.5719 INFO Exiting GameController.OnLeftMouseClick()
2021-02-21 10:24:06.6929 INFO Entering GameController.OnLeftMouseClick()
2021-02-21 10:24:06.6929 INFO Exiting GameController.OnLeftMouseClick()
2021-02-21 10:24:06.7120 INFO Entering GameController.PlayerStats()
2021-02-21 10:24:07.0399 INFO Exiting GameController.PlayerStats()
2021-02-21 10:25:41.6317 INFO Entering HomeController.Index()
2021-02-21 10:25:41.6317 INFO Exiting HomeController.Index()
2021-02-21 10:25:42.9797 INFO Entering GameController.Game()
2021-02-21 10:25:42.9797 INFO Exiting GameController.Game()
2021-02-21 10:25:43.9978 INFO Entering GameController.OnLeftMouseClick()
2021-02-21 10:25:43.9998 INFO Exiting GameController.OnLeftMouseClick()
2021-02-21 10:25:45.2668 INFO Entering GameController.OnRightMouseClick()
2021-02-21 10:25:45.2668 INFO Exiting GameController.OnRightMouseClick()
2021-02-21 10:25:50.3597 INFO Entering GameController.OnSave()
2021-02-21 10:25:50.3597 INFO Exiting GameController.OnSave()
2021-02-21 10:25:53.0541 INFO Entering GameController.OnLeftMouseClick()
2021-02-21 10:25:53.0541 INFO Exiting GameController.OnLeftMouseClick()
2021-02-21 10:25:55.5516 INFO Entering GameController.ResetGame()
2021-02-21 10:25:55.5516 INFO Exiting GameController.ResetGame()
2021-02-21 10:25:56.1146 INFO Entering GameController.OnLoad()
2021-02-21 10:25:56.1285 INFO Exiting GameController.OnLoad()
2021-02-21 10:25:57.8795 INFO Entering GameController.OnRightMouseClick()
2021-02-21 10:25:57.8795 INFO Exiting GameController.OnRightMouseClick()
2021-02-21 10:25:58.7882 INFO Entering GameController.OnLeftMouseClick()
2021-02-21 10:25:58.7882 INFO Exiting GameController.OnLeftMouseClick()
2021-02-21 10:26:02.8032 INFO Entering GameController.ResetGame()
2021-02-21 10:26:02.8032 INFO Exiting GameController.ResetGame()
2021-02-21 10:26:03.7603 INFO Entering GameController.OnLoad()
2021-02-21 10:26:03.7603 INFO Exiting GameController.OnLoad()
2021-02-21 10:26:05.8432 INFO Entering GameController.OnLeftMouseClick()
2021-02-21 10:26:05.8432 INFO Exiting GameController.OnLeftMouseClick()
2021-02-21 10:26:06.3962 INFO Entering GameController.OnLeftMouseClick()
2021-02-21 10:26:06.3962 INFO Exiting GameController.OnLeftMouseClick()
2021-02-21 10:26:06.4112 INFO Entering GameController.PlayerStats()
2021-02-21 10:26:06.4223 INFO Exiting GameController.PlayerStats()
2021-02-21 10:26:34.2517 INFO Entering HomeController.Index()
2021-02-21 10:26:34.2517 INFO Exiting HomeController.Index()
2021-02-21 10:26:36.6697 INFO Entering GameController.Game()
2021-02-21 10:26:36.6707 INFO Exiting GameController.Game()
2021-02-21 10:27:21.0550 INFO Entering HomeController.Index()
2021-02-21 10:27:21.0550 INFO Exiting HomeController.Index()
2021-02-21 10:28:24.9932 INFO Entering LoginController.Login()
2021-02-21 10:28:25.0302 INFO Exiting LoginController.Login()
2021-02-21 10:28:53.3293 INFO Entering LoginController.Login()
2021-02-21 10:28:53.3703 INFO Exiting LoginController.Login()
